[01m[K/home/dave/Desktop/mmr_driverless/imu_fusion/fused_imu/src/main.cpp:[m[K In member function â€˜[01m[Kvoid ImuFusion::fuse_and_publish()[m[Kâ€™:
[01m[K/home/dave/Desktop/mmr_driverless/imu_fusion/fused_imu/src/main.cpp:60:5:[m[K [01;31m[Kerror: [m[Kexpected â€˜[01m[K,[m[Kâ€™ or â€˜[01m[K;[m[Kâ€™ before â€˜[01m[Kdouble[m[Kâ€™
   60 |     [01;31m[Kdouble[m[K sum_w = w1 + w2;
      |     [01;31m[K^~~~~~[m[K
[01m[K/home/dave/Desktop/mmr_driverless/imu_fusion/fused_imu/src/main.cpp:68:87:[m[K [01;31m[Kerror: [m[Kâ€˜[01m[Ksum_w[m[Kâ€™ was not declared in this scope
   68 | on.x = (w1 * imu1_.orientation.x + w2 * imu2_.orientation.x) / [01;31m[Ksum_w[m[K;
      |                                                                [01;31m[K^~~~~[m[K

gmake[2]: *** [CMakeFiles/fused_imu_node.dir/build.make:76: CMakeFiles/fused_imu_node.dir/src/main.cpp.o] Error 1
gmake[1]: *** [CMakeFiles/Makefile2:137: CMakeFiles/fused_imu_node.dir/all] Error 2
gmake: *** [Makefile:146: all] Error 2
