[0.020s] Invoking command in '/home/dave/Desktop/mmr_driverless/imu_fusion/build/fused_imu': CMAKE_PREFIX_PATH=${CMAKE_PREFIX_PATH}:/opt/ros/humble /usr/bin/cmake --build /home/dave/Desktop/mmr_driverless/imu_fusion/build/fused_imu -- -j8 -l8
[0.072s] [35m[1mConsolidate compiler generated dependencies of target fused_imu_node[0m
[0.095s] [ 50%] [32mBuilding CXX object CMakeFiles/fused_imu_node.dir/src/main.cpp.o[0m
[2.709s] [01m[K/home/dave/Desktop/mmr_driverless/imu_fusion/fused_imu/src/main.cpp:[m[K In member function â€˜[01m[Kvoid ImuFusion::fuse_and_publish()[m[Kâ€™:
[2.709s] [01m[K/home/dave/Desktop/mmr_driverless/imu_fusion/fused_imu/src/main.cpp:60:5:[m[K [01;31m[Kerror: [m[Kexpected â€˜[01m[K,[m[Kâ€™ or â€˜[01m[K;[m[Kâ€™ before â€˜[01m[Kdouble[m[Kâ€™
[2.710s]    60 |     [01;31m[Kdouble[m[K sum_w = w1 + w2;
[2.710s]       |     [01;31m[K^~~~~~[m[K
[2.715s] [01m[K/home/dave/Desktop/mmr_driverless/imu_fusion/fused_imu/src/main.cpp:68:87:[m[K [01;31m[Kerror: [m[Kâ€˜[01m[Ksum_w[m[Kâ€™ was not declared in this scope
[2.715s]    68 | on.x = (w1 * imu1_.orientation.x + w2 * imu2_.orientation.x) / [01;31m[Ksum_w[m[K;
[2.715s]       |                                                                [01;31m[K^~~~~[m[K
[2.715s] 
[5.496s] gmake[2]: *** [CMakeFiles/fused_imu_node.dir/build.make:76: CMakeFiles/fused_imu_node.dir/src/main.cpp.o] Error 1
[5.496s] gmake[1]: *** [CMakeFiles/Makefile2:137: CMakeFiles/fused_imu_node.dir/all] Error 2
[5.496s] gmake: *** [Makefile:146: all] Error 2
[5.500s] Invoked command in '/home/dave/Desktop/mmr_driverless/imu_fusion/build/fused_imu' returned '2': CMAKE_PREFIX_PATH=${CMAKE_PREFIX_PATH}:/opt/ros/humble /usr/bin/cmake --build /home/dave/Desktop/mmr_driverless/imu_fusion/build/fused_imu -- -j8 -l8
